<?xml version="1.0" encoding="UTF-8"?>
<testsuite name="CostCalculatorTest" tests="2" skipped="0" failures="0" errors="0" timestamp="2019-01-13T11:32:32" hostname="DESKTOP-MKDRCFK" time="0.003">
  <properties/>
  <testcase name="testCostCalculator" classname="CostCalculatorTest" time="0.002"/>
  <testcase name="calculateEmptySms" classname="CostCalculatorTest" time="0.0"/>
  <system-out><![CDATA[]]></system-out>
  <system-err><![CDATA[]]></system-err>
</testsuite>
